<?xml version="1.0" encoding="UTF-8"?>
<testsuite xmlns:xsi="http://www.w3.org/2001/XMLSchema-instance" xsi:noNamespaceSchemaLocation="https://maven.apache.org/surefire/maven-surefire-plugin/xsd/surefire-test-report.xsd" version="3.0.2" name="com.proj.FlightBookingApplicationTests" time="15.546" tests="1" errors="0" skipped="0" failures="0">
  <properties>
[...]
</properties>
  <testcase name="contextLoads" classname="com.proj.FlightBookingApplicationTests" time="1.006">
    <system-out><![CDATA[22:30:47.880 [main] INFO org.springframework.test.context.support.AnnotationConfigContextLoaderUtils -- Could not detect default configuration classes for test class [com.proj.FlightBookingApplicationTests]: FlightBookingApplicationTests does not declare any static, non-private, non-final, nested classes annotated with @Configuration.
22:30:48.086 [main] INFO org.springframework.boot.test.context.SpringBootTestContextBootstrapper -- Found @SpringBootConfiguration com.proj.FlightBookingApplication for test class com.proj.FlightBookingApplicationTests

  .   ____          _            __ _ _
 /\\ / ___'_ __ _ _(_)_ __  __ _ \ \ \ \
( ( )\___ | '_ | '_| | '_ \/ _` | \ \ \ \
 \\/  ___)| |_)| | | | | || (_| |  ) ) ) )
  '  |____| .__|_| |_|_| |_\__, | / / / /
 =========|_|==============|___/=/_/_/_/

 :: Spring Boot ::                (v3.4.5)

2025-06-17T22:30:49.186+05:30  INFO 2524 --- [           main] com.proj.FlightBookingApplicationTests   : Starting FlightBookingApplicationTests using Java 17.0.12 with PID 2524 (started by vyes8 in C:\Users\vyes8\Desktop\proj-5)
2025-06-17T22:30:49.188+05:30  INFO 2524 --- [           main] com.proj.FlightBookingApplicationTests   : No active profile set, falling back to 1 default profile: "default"
2025-06-17T22:30:51.153+05:30  INFO 2524 --- [           main] .s.d.r.c.RepositoryConfigurationDelegate : Bootstrapping Spring Data JPA repositories in DEFAULT mode.
2025-06-17T22:30:51.274+05:30  INFO 2524 --- [           main] .s.d.r.c.RepositoryConfigurationDelegate : Finished Spring Data repository scanning in 88 ms. Found 0 JPA repository interfaces.
2025-06-17T22:30:52.728+05:30  INFO 2524 --- [           main] o.hibernate.jpa.internal.util.LogHelper  : HHH000204: Processing PersistenceUnitInfo [name: default]
2025-06-17T22:30:52.865+05:30  INFO 2524 --- [           main] org.hibernate.Version                    : HHH000412: Hibernate ORM core version 6.6.13.Final
2025-06-17T22:30:53.128+05:30  INFO 2524 --- [           main] o.h.c.internal.RegionFactoryInitiator    : HHH000026: Second-level cache disabled
2025-06-17T22:30:54.894+05:30  INFO 2524 --- [           main] o.s.o.j.p.SpringPersistenceUnitInfo      : No LoadTimeWeaver setup: ignoring JPA class transformer
2025-06-17T22:30:55.001+05:30  INFO 2524 --- [           main] com.zaxxer.hikari.HikariDataSource       : HikariPool-1 - Starting...
2025-06-17T22:30:55.894+05:30  INFO 2524 --- [           main] com.zaxxer.hikari.pool.HikariPool        : HikariPool-1 - Added connection com.mysql.cj.jdbc.ConnectionImpl@28b5662d
2025-06-17T22:30:55.899+05:30  INFO 2524 --- [           main] com.zaxxer.hikari.HikariDataSource       : HikariPool-1 - Start completed.
2025-06-17T22:30:56.228+05:30  INFO 2524 --- [           main] org.hibernate.orm.connections.pooling    : HHH10001005: Database info:
	Database JDBC URL [Connecting through datasource 'HikariDataSource (HikariPool-1)']
	Database driver: undefined/unknown
	Database version: 8.0.31
	Autocommit mode: undefined/unknown
	Isolation level: undefined/unknown
	Minimum pool size: undefined/unknown
	Maximum pool size: undefined/unknown
2025-06-17T22:30:57.919+05:30  INFO 2524 --- [           main] o.h.e.t.j.p.i.JtaPlatformInitiator       : HHH000489: No JTA platform available (set 'hibernate.transaction.jta.platform' to enable JTA platform integration)
2025-06-17T22:30:58.054+05:30  INFO 2524 --- [           main] j.LocalContainerEntityManagerFactoryBean : Initialized JPA EntityManagerFactory for persistence unit 'default'
2025-06-17T22:30:58.923+05:30  WARN 2524 --- [           main] JpaBaseConfiguration$JpaWebConfiguration : spring.jpa.open-in-view is enabled by default. Therefore, database queries may be performed during view rendering. Explicitly configure spring.jpa.open-in-view to disable this warning
2025-06-17T22:30:59.220+05:30 DEBUG 2524 --- [           main] swordEncoderAuthenticationManagerBuilder : No authenticationProviders and no parentAuthenticationManager defined. Returning null.
2025-06-17T22:30:59.642+05:30  INFO 2524 --- [           main] o.s.b.a.w.s.WelcomePageHandlerMapping    : Adding welcome page: class path resource [static/index.html]
2025-06-17T22:31:00.679+05:30 DEBUG 2524 --- [           main] o.s.s.web.DefaultSecurityFilterChain     : Will secure any request with filters: DisableEncodeUrlFilter, WebAsyncManagerIntegrationFilter, SecurityContextHolderFilter, HeaderWriterFilter, LogoutFilter, JwtRequestFilter, RequestCacheAwareFilter, SecurityContextHolderAwareRequestFilter, AnonymousAuthenticationFilter, SessionManagementFilter, ExceptionTranslationFilter, AuthorizationFilter
2025-06-17T22:31:02.133+05:30  INFO 2524 --- [           main] com.proj.FlightBookingApplicationTests   : Started FlightBookingApplicationTests in 13.598 seconds (process running for 15.294)
]]></system-out>
  </testcase>
</testsuite>